<?xml version="1.0" encoding="UTF-8"?>
<!-- Generated by org.testng.reporters.JUnitReportReporter -->
<testsuite hostname="SANJAY" failures="0" tests="2" name="maven.AppTest" time="0.010" errors="0" timestamp="2025-09-12T17:35:31 IST" skipped="0">
  <testcase classname="maven.AppTest" name="testLogin2" time="0.002"/>
  <testcase classname="maven.AppTest" name="testLogin1" time="0.008"/>
</testsuite> <!-- maven.AppTest -->
