<?xml version="1.0" encoding="UTF-8"?>
<!-- Generated by org.testng.reporters.JUnitReportReporter -->
<testsuite hostname="SANJAY" failures="0" tests="4" name="ApachePOI.DataDrivenTest" time="9.173" errors="0" timestamp="2025-09-19T18:04:15 IST" skipped="0">
  <testcase classname="ApachePOI.DataDrivenTest" name="loginTest" time="1.325"/>
  <testcase classname="ApachePOI.DataDrivenTest" name="loginTest" time="2.512"/>
  <testcase classname="ApachePOI.DataDrivenTest" name="loginTest" time="3.967"/>
  <testcase classname="ApachePOI.DataDrivenTest" name="loginTest" time="1.369"/>
</testsuite> <!-- ApachePOI.DataDrivenTest -->
