<?xml version="1.0" encoding="UTF-8"?>
<!-- Generated by org.testng.reporters.JUnitReportReporter -->
<testsuite hostname="SANJAY" failures="0" tests="1" name="maven.TC_Login" time="5.872" errors="0" timestamp="2025-09-12T18:41:13 IST" skipped="0">
  <testcase classname="maven.TC_Login" name="login_test" time="5.872"/>
</testsuite> <!-- maven.TC_Login -->
